# JRE version: OpenJDK Runtime Environment (8.0_242-b01) (build 1.8.0_242-release-1644-b01)
# Java VM: OpenJDK 64-Bit Server VM (25.242-b01 mixed mode windows-amd64 compressed oops)
Heap:
 PSYoungGen      total 64000K, used 50719K [0x00000000d5580000, 0x00000000da700000, 0x0000000100000000)
  eden space 54272K, 85% used [0x00000000d5580000,0x00000000d8292410,0x00000000d8a80000)
  from space 9728K, 46% used [0x00000000d8a80000,0x00000000d8ef5a40,0x00000000d9400000)
  to   space 9216K, 0% used [0x00000000d9e00000,0x00000000d9e00000,0x00000000da700000)
 ParOldGen       total 50176K, used 14631K [0x0000000080000000, 0x0000000083100000, 0x00000000d5580000)
  object space 50176K, 29% used [0x0000000080000000,0x0000000080e49e50,0x0000000083100000)
 Metaspace       used 39613K, capacity 41346K, committed 41432K, reserved 1085440K
  class space    used 5453K, capacity 5813K, committed 5888K, reserved 1048576K
GC Heap History (10 events):
Event: 5.414 GC heap before
{Heap before GC invocations=11 (full 1):
 PSYoungGen      total 36864K, used 31522K [0x00000000d5580000, 0x00000000d8e80000, 0x0000000100000000)
  eden space 26112K, 100% used [0x00000000d5580000,0x00000000d6f00000,0x00000000d6f00000)
  from space 10752K, 50% used [0x00000000d6f00000,0x00000000d7448b38,0x00000000d7980000)
  to   space 10240K, 0% used [0x00000000d8480000,0x00000000d8480000,0x00000000d8e80000)
 ParOldGen       total 50176K, used 7223K [0x0000000080000000, 0x0000000083100000, 0x00000000d5580000)
  object space 50176K, 14% used [0x0000000080000000,0x000000008070dce8,0x0000000083100000)
 Metaspace       used 30573K, capacity 31470K, committed 31744K, reserved 1077248K
  class space    used 4112K, capacity 4340K, committed 4352K, reserved 1048576K
Event: 5.421 GC heap after
Heap after GC invocations=11 (full 1):
 PSYoungGen      total 47104K, used 5265K [0x00000000d5580000, 0x00000000d8d80000, 0x0000000100000000)
  eden space 37888K, 0% used [0x00000000d5580000,0x00000000d5580000,0x00000000d7a80000)
  from space 9216K, 57% used [0x00000000d8480000,0x00000000d89a4428,0x00000000d8d80000)
  to   space 9728K, 0% used [0x00000000d7a80000,0x00000000d7a80000,0x00000000d8400000)
 ParOldGen       total 50176K, used 7961K [0x0000000080000000, 0x0000000083100000, 0x00000000d5580000)
  object space 50176K, 15% used [0x0000000080000000,0x00000000807c66c8,0x0000000083100000)
 Metaspace       used 30573K, capacity 31470K, committed 31744K, reserved 1077248K
  class space    used 4112K, capacity 4340K, committed 4352K, reserved 1048576K
}
Event: 5.859 GC heap before
{Heap before GC invocations=12 (full 1):
 PSYoungGen      total 47104K, used 43153K [0x00000000d5580000, 0x00000000d8d80000, 0x0000000100000000)
  eden space 37888K, 100% used [0x00000000d5580000,0x00000000d7a80000,0x00000000d7a80000)
  from space 9216K, 57% used [0x00000000d8480000,0x00000000d89a4428,0x00000000d8d80000)
  to   space 9728K, 0% used [0x00000000d7a80000,0x00000000d7a80000,0x00000000d8400000)
 ParOldGen       total 50176K, used 7961K [0x0000000080000000, 0x0000000083100000, 0x00000000d5580000)
  object space 50176K, 15% used [0x0000000080000000,0x00000000807c66c8,0x0000000083100000)
 Metaspace       used 32663K, capacity 33648K, committed 33664K, reserved 1079296K
  class space    used 4446K, capacity 4722K, committed 4736K, reserved 1048576K
Event: 5.867 GC heap after
Heap after GC invocations=12 (full 1):
 PSYoungGen      total 47616K, used 3488K [0x00000000d5580000, 0x00000000d9d80000, 0x0000000100000000)
  eden space 37888K, 0% used [0x00000000d5580000,0x00000000d5580000,0x00000000d7a80000)
  from space 9728K, 35% used [0x00000000d7a80000,0x00000000d7de8080,0x00000000d8400000)
  to   space 9728K, 0% used [0x00000000d9400000,0x00000000d9400000,0x00000000d9d80000)
 ParOldGen       total 50176K, used 11597K [0x0000000080000000, 0x0000000083100000, 0x00000000d5580000)
  object space 50176K, 23% used [0x0000000080000000,0x0000000080b535e8,0x0000000083100000)
 Metaspace       used 32663K, capacity 33648K, committed 33664K, reserved 1079296K
  class space    used 4446K, capacity 4722K, committed 4736K, reserved 1048576K
}
Event: 6.188 GC heap before
{Heap before GC invocations=13 (full 1):
 PSYoungGen      total 47616K, used 37779K [0x00000000d5580000, 0x00000000d9d80000, 0x0000000100000000)
  eden space 37888K, 90% used [0x00000000d5580000,0x00000000d76fcbd8,0x00000000d7a80000)
  from space 9728K, 35% used [0x00000000d7a80000,0x00000000d7de8080,0x00000000d8400000)
  to   space 9728K, 0% used [0x00000000d9400000,0x00000000d9400000,0x00000000d9d80000)
 ParOldGen       total 50176K, used 11597K [0x0000000080000000, 0x0000000083100000, 0x00000000d5580000)
  object space 50176K, 23% used [0x0000000080000000,0x0000000080b535e8,0x0000000083100000)
 Metaspace       used 34247K, capacity 35328K, committed 35416K, reserved 1079296K
  class space    used 4709K, capacity 4973K, committed 4992K, reserved 1048576K
Event: 6.195 GC heap after
Heap after GC invocations=13 (full 1):
 PSYoungGen      total 64000K, used 2487K [0x00000000d5580000, 0x00000000d9d80000, 0x0000000100000000)
  eden space 54272K, 0% used [0x00000000d5580000,0x00000000d5580000,0x00000000d8a80000)
  from space 9728K, 25% used [0x00000000d9400000,0x00000000d966dde8,0x00000000d9d80000)
  to   space 9728K, 0% used [0x00000000d8a80000,0x00000000d8a80000,0x00000000d9400000)
 ParOldGen       total 50176K, used 13001K [0x0000000080000000, 0x0000000083100000, 0x00000000d5580000)
  object space 50176K, 25% used [0x0000000080000000,0x0000000080cb2608,0x0000000083100000)
 Metaspace       used 34247K, capacity 35328K, committed 35416K, reserved 1079296K
  class space    used 4709K, capacity 4973K, committed 4992K, reserved 1048576K
}
Event: 6.195 GC heap before
{Heap before GC invocations=14 (full 2):
 PSYoungGen      total 64000K, used 2487K [0x00000000d5580000, 0x00000000d9d80000, 0x0000000100000000)
  eden space 54272K, 0% used [0x00000000d5580000,0x00000000d5580000,0x00000000d8a80000)
  from space 9728K, 25% used [0x00000000d9400000,0x00000000d966dde8,0x00000000d9d80000)
  to   space 9728K, 0% used [0x00000000d8a80000,0x00000000d8a80000,0x00000000d9400000)
 ParOldGen       total 50176K, used 13001K [0x0000000080000000, 0x0000000083100000, 0x00000000d5580000)
  object space 50176K, 25% used [0x0000000080000000,0x0000000080cb2608,0x0000000083100000)
 Metaspace       used 34247K, capacity 35328K, committed 35416K, reserved 1079296K
  class space    used 4709K, capacity 4973K, committed 4992K, reserved 1048576K
Event: 6.334 GC heap after
Heap after GC invocations=14 (full 2):
 PSYoungGen      total 64000K, used 0K [0x00000000d5580000, 0x00000000d9d80000, 0x0000000100000000)
  eden space 54272K, 0% used [0x00000000d5580000,0x00000000d5580000,0x00000000d8a80000)
  from space 9728K, 0% used [0x00000000d9400000,0x00000000d9400000,0x00000000d9d80000)
  to   space 9728K, 0% used [0x00000000d8a80000,0x00000000d8a80000,0x00000000d9400000)
 ParOldGen       total 50176K, used 14623K [0x0000000080000000, 0x0000000083100000, 0x00000000d5580000)
  object space 50176K, 29% used [0x0000000080000000,0x0000000080e47e50,0x0000000083100000)
 Metaspace       used 34247K, capacity 35328K, committed 35416K, reserved 1079296K
  class space    used 4709K, capacity 4973K, committed 4992K, reserved 1048576K
}
Event: 7.275 GC heap before
{Heap before GC invocations=15 (full 2):
 PSYoungGen      total 64000K, used 54272K [0x00000000d5580000, 0x00000000d9d80000, 0x0000000100000000)
  eden space 54272K, 100% used [0x00000000d5580000,0x00000000d8a80000,0x00000000d8a80000)
  from space 9728K, 0% used [0x00000000d9400000,0x00000000d9400000,0x00000000d9d80000)
  to   space 9728K, 0% used [0x00000000d8a80000,0x00000000d8a80000,0x00000000d9400000)
 ParOldGen       total 50176K, used 14623K [0x0000000080000000, 0x0000000083100000, 0x00000000d5580000)
  object space 50176K, 29% used [0x0000000080000000,0x0000000080e47e50,0x0000000083100000)
 Metaspace       used 36351K, capacity 37782K, committed 37848K, reserved 1081344K
  class space    used 4990K, capacity 5324K, committed 5376K, reserved 1048576K
Event: 7.280 GC heap after
Heap after GC invocations=15 (full 2):
 PSYoungGen      total 64000K, used 4566K [0x00000000d5580000, 0x00000000da700000, 0x0000000100000000)
  eden space 54272K, 0% used [0x00000000d5580000,0x00000000d5580000,0x00000000d8a80000)
  from space 9728K, 46% used [0x00000000d8a80000,0x00000000d8ef5a40,0x00000000d9400000)
  to   space 9216K, 0% used [0x00000000d9e00000,0x00000000d9e00000,0x00000000da700000)
 ParOldGen       total 50176K, used 14631K [0x0000000080000000, 0x0000000083100000, 0x00000000d5580000)
  object space 50176K, 29% used [0x0000000080000000,0x0000000080e49e50,0x0000000083100000)
 Metaspace       used 36351K, capacity 37782K, committed 37848K, reserved 1081344K
  class space    used 4990K, capacity 5324K, committed 5376K, reserved 1048576K
}

